<?xml version="1.0" encoding="UTF-8"?>
<testsuite name="com.login.UserLoginTest" tests="1" skipped="0" failures="0" errors="0" timestamp="2020-09-29T09:27:46" hostname="LAPTOP-JP0FR8LN" time="0.004">
  <properties/>
  <testcase name="if_count_of_char_less_than_three_return_false" classname="com.login.UserLoginTest" time="0.004"/>
  <system-out><![CDATA[Invalid last name
]]></system-out>
  <system-err><![CDATA[]]></system-err>
</testsuite>
