<?xml version="1.0" encoding="UTF-8"?>
<testsuite name="com.login.UserLoginTest" tests="1" skipped="0" failures="0" errors="0" timestamp="2020-10-03T08:12:27" hostname="LAPTOP-JP0FR8LN" time="0.004">
  <properties/>
  <testcase name="if_last_name_matches_pattern_return_true" classname="com.login.UserLoginTest" time="0.004"/>
  <system-out><![CDATA[Valid last Name
]]></system-out>
  <system-err><![CDATA[]]></system-err>
</testsuite>
