<?xml version="1.0" encoding="UTF-8"?>
<testsuite name="com.login.EmailValidateTest" tests="22" skipped="0" failures="0" errors="0" timestamp="2020-09-30T11:16:07" hostname="LAPTOP-JP0FR8LN" time="0.034">
  <properties/>
  <testcase name="given_correct_Email_must_return_true[0]" classname="com.login.EmailValidateTest" time="0.005"/>
  <testcase name="given_correct_Email_must_return_true[1]" classname="com.login.EmailValidateTest" time="0.0"/>
  <testcase name="given_correct_Email_must_return_true[2]" classname="com.login.EmailValidateTest" time="0.0"/>
  <testcase name="given_correct_Email_must_return_true[3]" classname="com.login.EmailValidateTest" time="0.0"/>
  <testcase name="given_correct_Email_must_return_true[4]" classname="com.login.EmailValidateTest" time="0.001"/>
  <testcase name="given_correct_Email_must_return_true[5]" classname="com.login.EmailValidateTest" time="0.0"/>
  <testcase name="given_correct_Email_must_return_true[6]" classname="com.login.EmailValidateTest" time="0.0"/>
  <testcase name="given_correct_Email_must_return_true[7]" classname="com.login.EmailValidateTest" time="0.001"/>
  <testcase name="given_correct_Email_must_return_true[8]" classname="com.login.EmailValidateTest" time="0.0"/>
  <testcase name="given_correct_Email_must_return_true[9]" classname="com.login.EmailValidateTest" time="0.008"/>
  <testcase name="given_correct_Email_must_return_true[10]" classname="com.login.EmailValidateTest" time="0.0"/>
  <testcase name="given_correct_Email_must_return_true[11]" classname="com.login.EmailValidateTest" time="0.001"/>
  <testcase name="given_correct_Email_must_return_true[12]" classname="com.login.EmailValidateTest" time="0.001"/>
  <testcase name="given_correct_Email_must_return_true[13]" classname="com.login.EmailValidateTest" time="0.0"/>
  <testcase name="given_correct_Email_must_return_true[14]" classname="com.login.EmailValidateTest" time="0.0"/>
  <testcase name="given_correct_Email_must_return_true[15]" classname="com.login.EmailValidateTest" time="0.001"/>
  <testcase name="given_correct_Email_must_return_true[16]" classname="com.login.EmailValidateTest" time="0.001"/>
  <testcase name="given_correct_Email_must_return_true[17]" classname="com.login.EmailValidateTest" time="0.001"/>
  <testcase name="given_correct_Email_must_return_true[18]" classname="com.login.EmailValidateTest" time="0.001"/>
  <testcase name="given_correct_Email_must_return_true[19]" classname="com.login.EmailValidateTest" time="0.002"/>
  <testcase name="given_correct_Email_must_return_true[20]" classname="com.login.EmailValidateTest" time="0.001"/>
  <testcase name="given_correct_Email_must_return_true[21]" classname="com.login.EmailValidateTest" time="0.001"/>
  <system-out><![CDATA[Valid email
Valid email
Valid email
Valid email
Valid email
Valid email
Valid email
Valid email
Valid email
INVALID_EMAIL Invalid email
INVALID_EMAIL Invalid email
INVALID_EMAIL Invalid email
INVALID_EMAIL Invalid email
INVALID_EMAIL Invalid email
INVALID_EMAIL Invalid email
INVALID_EMAIL Invalid email
INVALID_EMAIL Invalid email
INVALID_EMAIL Invalid email
INVALID_EMAIL Invalid email
INVALID_EMAIL Invalid email
Valid email
INVALID_EMAIL Invalid email
]]></system-out>
  <system-err><![CDATA[]]></system-err>
</testsuite>
